<?xml version="1.0" encoding="UTF-8"?>
<!-- Generated by org.testng.reporters.JUnitReportReporter -->
<testsuite hostname="IN-L0001195" failures="0" tests="2" name="com.assigment.TeamRCB" time="0.015" errors="0" timestamp="2023-01-19T21:28:00 IST" skipped="0">
  <testcase classname="com.assigment.TeamRCB" name="case2_verify_team_has_one_wicket_keeper" time="0.002"/>
  <system-out/>
  <testcase classname="com.assigment.TeamRCB" name="case1_verify_team_has_4_foreign_players" time="0.013"/>
  <system-out/>
</testsuite> <!-- com.assigment.TeamRCB -->
